Sinh viên hihhih đăng nhập
Sinh viên hihih đăng nhập
2021-04-15-10-21-18-875: Chấm bài E:\NMLT nang cao\Dektra LTNC SV\11.cpp, KQ: Kết quả: 66/100 điểm
Điểm tổng: 1,32 / 10
Thời gian làm bài: 00:10:59.5162454
2021-04-15-10-21-41-731: Chấm bài E:\NMLT nang cao\1.cpp, KQ: Kết quả: 5/100 điểm
Điểm tổng: 0,1 / 10
Thời gian làm bài: 4.00:27:07.7520685
2021-04-15-10-21-59-549: Chấm bài E:\NMLT nang cao\Dektra LTNC SV\11.cpp, KQ: Kết quả: 66/100 điểm
Điểm tổng: 1,32 / 10
Thời gian làm bài: 00:10:59.5162454
2021-04-15-10-25-00-369: Chấm bài E:\NMLT nang cao\Dektra LTNC SV\11.cpp, KQ: Kết quả: 66/100 điểm
Điểm tổng: 1,32 / 10
Thời gian làm bài: 00:14:59.1369291
2021-04-15-10-25-34-310: Chấm bài E:\NMLT nang cao\Dektra LTNC SV\11.cpp, KQ: Kết quả: 66/100 điểm
Điểm tổng: 1,32 / 10
Thời gian làm bài: 00:14:59.1369291
2021-04-15-10-44-17-950: Chấm bài E:\NMLT nang cao\Dektra LTNC SV\22.cpp, KQ: Kết quả: 22/100 điểm
Điểm tổng: 1,76 / 10
Thời gian làm bài: 00:00:55.0004114
2021-04-15-10-49-36-944: Chấm bài E:\NMLT nang cao\Dektra LTNC SV\22.cpp, KQ: Kết quả: 24/100 điểm
Điểm tổng: 1,8 / 10
Thời gian làm bài: 00:09:35.5704536
2021-04-15-10-54-52-167: Chấm bài E:\NMLT nang cao\Dektra LTNC SV\22.cpp, KQ: Kết quả: 24/100 điểm
Điểm tổng: 1,8 / 10
Thời gian làm bài: 00:14:29.8175572
Sinh viên hihih đăng nhập
2021-04-15-11-49-00-271: Chấm bài E:\NMLT nang cao\Dektra LTNC SV\11.cpp, KQ: Kết quả: 66/100 điểm
Điểm tổng: 1,32 / 10
Thời gian làm bài: 00:14:59.1369291
Sinh viên hihih đăng nhập
2021-04-15-21-13-58-242: Chấm bài E:\NMLT nang cao\Dektra LTNC SV\11.cpp, KQ: Kết quả: 66/100 điểm
Điểm tổng: 1,32 / 10
Thời gian làm bài: 00:14:59.1369291
2021-04-15-21-15-14-620: Chấm bài E:\NMLT nang cao\Dektra LTNC SV\11.cpp, KQ: Kết quả: 90/100 điểm
Điểm tổng: 1,8 / 10
Thời gian làm bài: 11:05:04.2654266
2021-04-15-21-24-40-671: Chấm bài E:\NMLT nang cao\Dektra LTNC SV\22.cpp, KQ: Kết quả: 62/100 điểm
Điểm tổng: 3,04 / 10
Thời gian làm bài: 10:43:13.6539379
2021-04-15-23-40-18-126: Chấm bài E:\NMLT nang cao\Dektra LTNC SV\b36.cpp, KQ: Kết quả: 5/100 điểm
Điểm tổng: 3,19 / 10
Thời gian làm bài: 00:39:14.6984702
2021-04-15-23-42-26-649: Chấm bài E:\NMLT nang cao\Dektra LTNC SV\b36.cpp, KQ: Kết quả: 5/100 điểm
Điểm tổng: 3,19 / 10
Thời gian làm bài: 00:46:08.0017881
Sinh viên hih đăng nhập
2021-04-16-10-29-31-090: Chấm bài E:\NMLT nang cao\Dektra LTNC SV\15.cpp, KQ: Kết quả: 49/100 điểm
Điểm tổng: 0,98 / 10
Thời gian làm bài: 00:12:22.6421247
2021-04-16-10-31-21-108: Chấm bài E:\NMLT nang cao\Dektra LTNC SV\15.cpp, KQ: Kết quả: 49/100 điểm
Điểm tổng: 0,98 / 10
Thời gian làm bài: 00:12:22.6421247
Sinh viên hih đăng nhập
2021-04-16-12-59-19-023: Chấm bài E:\NMLT nang cao\Dektra LTNC SV\24.cpp, KQ: Kết quả: 90/100 điểm
Điểm tổng: 1,8 / 10
Thời gian làm bài: 00:04:40.4025590
