Sinh viên x đăng nhập
Sinh viên x đăng nhập
2021-04-08-10-30-07-822: Chấm bài F:\GIANG-DAY-XUAN\NAM-HOC-2020-2021\LAP_TRINH_NANG_CAO_2021\TAO_DE_KT\Lam_de\De_KT_LTNC_Xuan\data\12\12.cpp, KQ: Kết quả: 100/100 điểm
Điểm tổng: 2 / 10
Thời gian làm bài: -11:59:35.1792230
2021-04-08-10-30-20-840: Chấm bài F:\GIANG-DAY-XUAN\NAM-HOC-2020-2021\LAP_TRINH_NANG_CAO_2021\TAO_DE_KT\Lam_de\De_KT_LTNC_Xuan\data\26\26 (1).cpp, KQ: Kết quả: 5/100 điểm
Điểm tổng: 2.1 / 10
Thời gian làm bài: -09:38:16.9630217
2021-04-08-10-30-36-592: Chấm bài F:\GIANG-DAY-XUAN\NAM-HOC-2020-2021\LAP_TRINH_NANG_CAO_2021\TAO_DE_KT\Lam_de\De_KT_LTNC_Xuan\data\36\36 (1).cpp, KQ: Kết quả: 100/100 điểm
Điểm tổng: 5.1 / 10
Thời gian làm bài: -07:31:58.3027522
2021-04-08-10-30-47-429: Chấm bài F:\GIANG-DAY-XUAN\NAM-HOC-2020-2021\LAP_TRINH_NANG_CAO_2021\TAO_DE_KT\Lam_de\De_KT_LTNC_Xuan\data\43\43 (1).cpp, KQ: Kết quả: 100/100 điểm
Điểm tổng: 8.1 / 10
Thời gian làm bài: -09:08:43.0396707
2021-04-08-10-31-22-352: Chấm bài F:\GIANG-DAY-XUAN\NAM-HOC-2020-2021\LAP_TRINH_NANG_CAO_2021\TAO_DE_KT\Lam_de\De_KT_LTNC_Xuan\data\26\26 (2).cpp, KQ: Kết quả: 100/100 điểm
Điểm tổng: 10 / 10
Thời gian làm bài: -09:38:05.8331484
Sinh viên x đăng nhập
2021-04-08-10-38-52-752: Chấm bài F:\GIANG-DAY-XUAN\NAM-HOC-2020-2021\LAP_TRINH_NANG_CAO_2021\TAO_DE_KT\Lam_de\De_KT_LTNC_Xuan\data\14\14.cpp, KQ: Kết quả: 100/100 điểm
Điểm tổng: 2 / 10
Thời gian làm bài: -12:20:13.0089847
2021-04-08-10-39-02-826: Chấm bài F:\GIANG-DAY-XUAN\NAM-HOC-2020-2021\LAP_TRINH_NANG_CAO_2021\TAO_DE_KT\Lam_de\De_KT_LTNC_Xuan\data\26\26.cpp, KQ: Kết quả: 100/100 điểm
Điểm tổng: 4 / 10
Thời gian làm bài: -09:38:05.8331484
2021-04-08-10-39-13-335: Chấm bài F:\GIANG-DAY-XUAN\NAM-HOC-2020-2021\LAP_TRINH_NANG_CAO_2021\TAO_DE_KT\Lam_de\De_KT_LTNC_Xuan\data\31\31 (1).cpp, KQ: Kết quả: 100/100 điểm
Điểm tổng: 7 / 10
Thời gian làm bài: -09:29:51.0886427
2021-04-08-10-39-21-896: Chấm bài F:\GIANG-DAY-XUAN\NAM-HOC-2020-2021\LAP_TRINH_NANG_CAO_2021\TAO_DE_KT\Lam_de\De_KT_LTNC_Xuan\data\42\42 (1).cpp, KQ: Kết quả: 100/100 điểm
Điểm tổng: 10 / 10
Thời gian làm bài: -09:08:59.3143902
Sinh viên xx đăng nhập
2021-04-08-10-40-11-025: Chấm bài F:\GIANG-DAY-XUAN\NAM-HOC-2020-2021\LAP_TRINH_NANG_CAO_2021\TAO_DE_KT\Lam_de\De_KT_LTNC_Xuan\data\15\15 (1).cpp, KQ: Kết quả: 100/100 điểm
Điểm tổng: 2 / 10
Thời gian làm bài: -11:59:50.4172646
2021-04-08-10-40-18-753: Chấm bài F:\GIANG-DAY-XUAN\NAM-HOC-2020-2021\LAP_TRINH_NANG_CAO_2021\TAO_DE_KT\Lam_de\De_KT_LTNC_Xuan\data\22\22 (1).cpp, KQ: Kết quả: 100/100 điểm
Điểm tổng: 4 / 10
Thời gian làm bài: -11:16:22.3635975
2021-04-08-10-40-27-517: Chấm bài F:\GIANG-DAY-XUAN\NAM-HOC-2020-2021\LAP_TRINH_NANG_CAO_2021\TAO_DE_KT\Lam_de\De_KT_LTNC_Xuan\data\32\32 (1).cpp, KQ: Kết quả: 100/100 điểm
Điểm tổng: 7 / 10
Thời gian làm bài: -10:39:10.4642353
2021-04-08-10-40-35-569: Chấm bài F:\GIANG-DAY-XUAN\NAM-HOC-2020-2021\LAP_TRINH_NANG_CAO_2021\TAO_DE_KT\Lam_de\De_KT_LTNC_Xuan\data\46\46 (1).cpp, KQ: Kết quả: 100/100 điểm
Điểm tổng: 10 / 10
Thời gian làm bài: -09:09:17.1784113
Sinh viên x đăng nhập
2021-04-08-10-41-41-364: Chấm bài F:\GIANG-DAY-XUAN\NAM-HOC-2020-2021\LAP_TRINH_NANG_CAO_2021\TAO_DE_KT\Lam_de\De_KT_LTNC_Xuan\data\14\14.cpp, KQ: Kết quả: 100/100 điểm
Điểm tổng: 2 / 10
Thời gian làm bài: -12:20:13.0089847
2021-04-08-10-41-51-590: Chấm bài F:\GIANG-DAY-XUAN\NAM-HOC-2020-2021\LAP_TRINH_NANG_CAO_2021\TAO_DE_KT\Lam_de\De_KT_LTNC_Xuan\data\26\26.cpp, KQ: Kết quả: 100/100 điểm
Điểm tổng: 4 / 10
Thời gian làm bài: -09:38:05.8331484
2021-04-08-10-42-02-091: Chấm bài F:\GIANG-DAY-XUAN\NAM-HOC-2020-2021\LAP_TRINH_NANG_CAO_2021\TAO_DE_KT\Lam_de\De_KT_LTNC_Xuan\data\36\36 (1).cpp, KQ: Kết quả: 100/100 điểm
Điểm tổng: 7 / 10
Thời gian làm bài: -07:31:58.3027522
2021-04-08-10-42-10-528: Chấm bài F:\GIANG-DAY-XUAN\NAM-HOC-2020-2021\LAP_TRINH_NANG_CAO_2021\TAO_DE_KT\Lam_de\De_KT_LTNC_Xuan\data\46\46 (1).cpp, KQ: Kết quả: 100/100 điểm
Điểm tổng: 10 / 10
Thời gian làm bài: -09:09:17.1784113
Sinh viên x đăng nhập
2021-04-08-10-43-26-991: Chấm bài F:\GIANG-DAY-XUAN\NAM-HOC-2020-2021\LAP_TRINH_NANG_CAO_2021\TAO_DE_KT\Lam_de\De_KT_LTNC_Xuan\data\24\24 (1).cpp, KQ: Kết quả: 100/100 điểm
Điểm tổng: 2 / 10
Thời gian làm bài: -11:20:26.3181539
2021-04-08-10-43-36-458: Chấm bài F:\GIANG-DAY-XUAN\NAM-HOC-2020-2021\LAP_TRINH_NANG_CAO_2021\TAO_DE_KT\Lam_de\De_KT_LTNC_Xuan\data\33\33 (1).cpp, KQ: Kết quả: 100/100 điểm
Điểm tổng: 5 / 10
Thời gian làm bài: -07:31:24.9339842
Sinh viên s đăng nhập
2021-04-08-10-44-24-856: Chấm bài F:\GIANG-DAY-XUAN\NAM-HOC-2020-2021\LAP_TRINH_NANG_CAO_2021\TAO_DE_KT\Lam_de\De_KT_LTNC_Xuan\data\25\25 (1).cpp, KQ: Kết quả: 100/100 điểm
Điểm tổng: 2 / 10
Thời gian làm bài: -11:16:38.2727836
2021-04-08-10-44-49-187: Chấm bài F:\GIANG-DAY-XUAN\NAM-HOC-2020-2021\LAP_TRINH_NANG_CAO_2021\TAO_DE_KT\Lam_de\De_KT_LTNC_Xuan\data\45\45 (1).cpp, KQ: Kết quả: 100/100 điểm
Điểm tổng: 5 / 10
Thời gian làm bài: -09:09:16.9031477
Sinh viên x đăng nhập
2021-04-08-10-45-36-803: Chấm bài F:\GIANG-DAY-XUAN\NAM-HOC-2020-2021\LAP_TRINH_NANG_CAO_2021\TAO_DE_KT\Lam_de\De_KT_LTNC_Xuan\data\13\13.cpp, KQ: Kết quả: 100/100 điểm
Điểm tổng: 2 / 10
Thời gian làm bài: -11:54:20.1982152
Sinh viên xx đăng nhập
2021-04-08-10-46-46-110: Chấm bài F:\GIANG-DAY-XUAN\NAM-HOC-2020-2021\LAP_TRINH_NANG_CAO_2021\TAO_DE_KT\Lam_de\De_KT_LTNC_Xuan\data\11\11.cpp, KQ: Kết quả: 100/100 điểm
Điểm tổng: 2 / 10
Thời gian làm bài: -12:16:11.4940866
2021-04-08-10-46-54-579: Chấm bài F:\GIANG-DAY-XUAN\NAM-HOC-2020-2021\LAP_TRINH_NANG_CAO_2021\TAO_DE_KT\Lam_de\De_KT_LTNC_Xuan\data\22\22 (1).cpp, KQ: Kết quả: 100/100 điểm
Điểm tổng: 4 / 10
Thời gian làm bài: -11:16:22.3635975
2021-04-08-10-47-03-126: Chấm bài F:\GIANG-DAY-XUAN\NAM-HOC-2020-2021\LAP_TRINH_NANG_CAO_2021\TAO_DE_KT\Lam_de\De_KT_LTNC_Xuan\data\33\33 (1).cpp, KQ: Kết quả: 100/100 điểm
Điểm tổng: 7 / 10
Thời gian làm bài: -07:31:24.9339842
2021-04-08-10-47-11-497: Chấm bài F:\GIANG-DAY-XUAN\NAM-HOC-2020-2021\LAP_TRINH_NANG_CAO_2021\TAO_DE_KT\Lam_de\De_KT_LTNC_Xuan\data\41\41 (1).cpp, KQ: Kết quả: 100/100 điểm
Điểm tổng: 10 / 10
Thời gian làm bài: -09:14:54.9977382
Sinh viên x đăng nhập
2021-04-08-10-48-10-340: Chấm bài F:\GIANG-DAY-XUAN\NAM-HOC-2020-2021\LAP_TRINH_NANG_CAO_2021\TAO_DE_KT\Lam_de\De_KT_LTNC_Xuan\data\16\16 (1).cpp, KQ: Kết quả: 100/100 điểm
Điểm tổng: 2 / 10
Thời gian làm bài: -08:09:34.6298122
2021-04-08-10-48-19-372: Chấm bài F:\GIANG-DAY-XUAN\NAM-HOC-2020-2021\LAP_TRINH_NANG_CAO_2021\TAO_DE_KT\Lam_de\De_KT_LTNC_Xuan\data\23\23 (1).cpp, KQ: Kết quả: 5/100 điểm
Điểm tổng: 2.1 / 10
Thời gian làm bài: -09:37:44.6045237
2021-04-08-10-48-26-605: Chấm bài F:\GIANG-DAY-XUAN\NAM-HOC-2020-2021\LAP_TRINH_NANG_CAO_2021\TAO_DE_KT\Lam_de\De_KT_LTNC_Xuan\data\23\23 (2).cpp, KQ: Kết quả: 100/100 điểm
Điểm tổng: 4 / 10
Thời gian làm bài: -09:37:33.3200610
2021-04-08-10-48-40-746: Chấm bài F:\GIANG-DAY-XUAN\NAM-HOC-2020-2021\LAP_TRINH_NANG_CAO_2021\TAO_DE_KT\Lam_de\De_KT_LTNC_Xuan\data\35\35 (1).cpp, KQ: Kết quả: 100/100 điểm
Điểm tổng: 7 / 10
Thời gian làm bài: -10:39:27.0287327
2021-04-08-10-48-49-257: Chấm bài F:\GIANG-DAY-XUAN\NAM-HOC-2020-2021\LAP_TRINH_NANG_CAO_2021\TAO_DE_KT\Lam_de\De_KT_LTNC_Xuan\data\45\45 (1).cpp, KQ: Kết quả: 100/100 điểm
Điểm tổng: 10 / 10
Thời gian làm bài: -09:09:16.9031477
Sinh viên x đăng nhập
2021-04-08-10-50-06-184: Chấm bài F:\GIANG-DAY-XUAN\NAM-HOC-2020-2021\LAP_TRINH_NANG_CAO_2021\TAO_DE_KT\Lam_de\De_KT_LTNC_Xuan\data\42\42 (1).cpp, KQ: Kết quả: 100/100 điểm
Điểm tổng: 3 / 10
Thời gian làm bài: -09:08:59.3143902
2021-04-08-10-50-16-437: Chấm bài F:\GIANG-DAY-XUAN\NAM-HOC-2020-2021\LAP_TRINH_NANG_CAO_2021\TAO_DE_KT\Lam_de\De_KT_LTNC_Xuan\data\12\12.cpp, KQ: Kết quả: 100/100 điểm
Điểm tổng: 5 / 10
Thời gian làm bài: -11:59:35.1792230
Sinh viên x đăng nhập
2021-04-08-10-51-10-445: Chấm bài F:\GIANG-DAY-XUAN\NAM-HOC-2020-2021\LAP_TRINH_NANG_CAO_2021\TAO_DE_KT\Lam_de\De_KT_LTNC_Xuan\data\44\44 (1).cpp, KQ: Kết quả: 100/100 điểm
Điểm tổng: 3 / 10
Thời gian làm bài: -09:18:58.4594393
Sinh viên x đăng nhập
2021-04-08-10-53-59-646: Chấm bài F:\GIANG-DAY-XUAN\NAM-HOC-2020-2021\LAP_TRINH_NANG_CAO_2021\TAO_DE_KT\Lam_de\De_KT_LTNC_Xuan\data\43\43 (1).cpp, KQ: Kết quả: 100/100 điểm
Điểm tổng: 3 / 10
Thời gian làm bài: -09:08:43.0396707
Sinh viên x đăng nhập
2021-04-08-10-54-44-190: Chấm bài F:\GIANG-DAY-XUAN\NAM-HOC-2020-2021\LAP_TRINH_NANG_CAO_2021\TAO_DE_KT\Lam_de\De_KT_LTNC_Xuan\data\21\21 (1).cpp, KQ: Kết quả: 100/100 điểm
Điểm tổng: 2 / 10
Thời gian làm bài: -11:16:24.1549812
Sinh viên x đăng nhập
Sinh viên x đăng nhập
Sinh viên x đăng nhập
2021-04-08-10-56-20-117: Chấm bài F:\GIANG-DAY-XUAN\NAM-HOC-2020-2021\LAP_TRINH_NANG_CAO_2021\TAO_DE_KT\Lam_de\De_KT_LTNC_Xuan\data\34\34 (1).cpp, KQ: Kết quả: 100/100 điểm
Điểm tổng: 3 / 10
Thời gian làm bài: -09:33:53.2937006
Sinh viên x đăng nhập
2021-04-08-10-57-30-037: Chấm bài F:\GIANG-DAY-XUAN\NAM-HOC-2020-2021\LAP_TRINH_NANG_CAO_2021\TAO_DE_KT\Lam_de\De_KT_LTNC_Xuan\data\31\31 (1).cpp, KQ: Kết quả: 100/100 điểm
Điểm tổng: 3 / 10
Thời gian làm bài: -09:29:51.0886427
Sinh viên x đăng nhập
Sinh viên x đăng nhập
2021-04-12-01-16-08-518: Chấm bài F:\GIANG-DAY-XUAN\NAM-HOC-2020-2021\LAP_TRINH_NANG_CAO_2021\TAO_DE_KT\De_KT_LTNC_Xuan\data\34\34 (1).cpp, KQ: Kết quả: 100/100 điểm
Điểm tổng: 3 / 10
Thời gian làm bài: -13:29:36.0036749
Sinh viên x đăng nhập
Sinh viên  đăng nhập
Sinh viên  đăng nhập
Sinh viên  đăng nhập
Sinh viên hih đăng nhập
2021-04-22-01-17-52-093: Chấm bài E:\NMLT nang cao\Dektra tong hop\1_detonghop.cpp, KQ: Kết quả: 100/100 điểm
Điểm tổng: 2 / 10
Thời gian làm bài: 00:01:09.5290851
Sinh viên hihi đăng nhập
2021-04-22-22-23-49-858: Chấm bài E:\NMLT nang cao\Dektra tong hop\14_detonghop.cpp, KQ: Kết quả: 100/100 điểm
Điểm tổng: 2 / 10
Thời gian làm bài: 00:01:37.3143863
2021-04-22-22-38-37-838: Chấm bài E:\NMLT nang cao\Dektra tong hop\24_detonghop.cpp, KQ: Kết quả: 24/100 điểm
Điểm tổng: 2,48 / 10
Thời gian làm bài: 00:03:29.2861113
2021-04-22-22-40-10-768: Chấm bài E:\NMLT nang cao\Dektra tong hop\24_detonghop.cpp, KQ: Kết quả: 100/100 điểm
Điểm tổng: 4 / 10
Thời gian làm bài: 00:04:48.4604837
2021-04-23-00-02-07-124: Chấm bài E:\NMLT nang cao\Dektra tong hop\31_detonghop.cpp, KQ: Kết quả: 100/100 điểm
Điểm tổng: 7 / 10
Thời gian làm bài: 00:00:50.9183216
Sinh viên ahshhhdugyf đăng nhập
Sinh viên ahshhhdugyf đăng nhập
