Sinh viên hih đăng nhập
2021-04-27-10-50-29-084: Chấm bài E:\NMLT nang cao\Thi LTNC\tinhdoixung.cpp, KQ: Kết quả: 16/100 điểm
Điểm tổng: 0,48 / 10
Sinh viên hhihi đăng nhập
2021-04-27-12-17-59-278: Chấm bài E:\NMLT nang cao\Thi LTNC\Untitled5.cpp, KQ: Kết quả: 5/100 điểm
Điểm tổng: 0,15 / 10
2021-04-27-12-18-43-513: Chấm bài E:\NMLT nang cao\Thi LTNC\Untitled5.cpp, KQ: Kết quả: 5/100 điểm
Điểm tổng: 0,15 / 10
2021-04-27-12-21-08-157: Chấm bài E:\NMLT nang cao\Thi LTNC\Untitled5.cpp, KQ: Kết quả: 5/100 điểm
Điểm tổng: 0,15 / 10
2021-04-27-12-31-45-709: Chấm bài E:\NMLT nang cao\Thi LTNC\Untitled7.cpp, KQ: Kết quả: 5/100 điểm
Điểm tổng: 0,15 / 10
2021-04-27-12-32-29-450: Chấm bài E:\NMLT nang cao\Thi LTNC\Untitled6.cpp, KQ: Kết quả: 100/100 điểm
Điểm tổng: 3 / 10
2021-04-27-12-34-04-162: Chấm bài E:\NMLT nang cao\Thi LTNC\Untitled7.cpp, KQ: Kết quả: 100/100 điểm
Điểm tổng: 3 / 10
2021-04-27-12-35-49-846: Chấm bài E:\NMLT nang cao\Thi LTNC\Untitled2.cpp, KQ: Kết quả: 100/100 điểm
Điểm tổng: 3 / 10
2021-04-27-12-55-39-799: Chấm bài E:\NMLT nang cao\Thi LTNC\Untitled2.cpp, KQ: Kết quả: 5/100 điểm
Điểm tổng: 3,1 / 10
2021-04-27-12-57-55-413: Chấm bài E:\NMLT nang cao\Thi LTNC\Untitled2.cpp, KQ: Kết quả: 5/100 điểm
Điểm tổng: 3,1 / 10
2021-04-27-13-01-31-956: Chấm bài E:\NMLT nang cao\Thi LTNC\b3.cpp, KQ: Kết quả: 5/100 điểm
Điểm tổng: 3,1 / 10
2021-04-27-13-06-36-930: Chấm bài E:\NMLT nang cao\Thi LTNC\Untitled2.cpp, KQ: Kết quả: 5/100 điểm
Điểm tổng: 3,1 / 10
2021-04-27-13-11-43-679: Chấm bài E:\NMLT nang cao\Thi LTNC\b3.cpp, KQ: Kết quả: 5/100 điểm
Điểm tổng: 3,1 / 10
2021-04-27-13-14-42-063: Chấm bài E:\NMLT nang cao\Thi LTNC\b3.cpp, KQ: Kết quả: 5/100 điểm
Điểm tổng: 3,1 / 10
2021-04-27-13-17-44-901: Chấm bài E:\NMLT nang cao\Thi LTNC\b3.cpp, KQ: Kết quả: 5/100 điểm
Điểm tổng: 3,1 / 10
Sinh viên ihihh đăng nhập
2021-04-27-13-21-31-269: Chấm bài E:\NMLT nang cao\Thi LTNC\b3.cpp, KQ: Kết quả: 5/100 điểm
Điểm tổng: 0,1 / 10
2021-04-27-13-23-58-160: Chấm bài E:\NMLT nang cao\Thi LTNC\Untitled2.cpp, KQ: Kết quả: 5/100 điểm
Điểm tổng: 0,1 / 10
Sinh viên hiih đăng nhập
2021-04-27-14-19-38-736: Chấm bài E:\NMLT nang cao\Thi LTNC\phanso.cpp, KQ: Kết quả: 90/100 điểm
Điểm tổng: 1,8 / 10
